#
# There is insufficient memory for the Java Runtime Environment to continue.
# Native memory allocation (malloc) failed to allocate 1048576 bytes. Error detail: AllocateHeap
# Possible reasons:
#   The system is out of physical RAM or swap space
#   This process is running with CompressedOops enabled, and the Java Heap may be blocking the growth of the native heap
# Possible solutions:
#   Reduce memory load on the system
#   Increase physical memory or swap space
#   Check if swap backing store is full
#   Decrease Java heap size (-Xmx/-Xms)
#   Decrease number of Java threads
#   Decrease Java thread stack sizes (-Xss)
#   Set larger code cache with -XX:ReservedCodeCacheSize=
#   JVM is running with Unscaled Compressed Oops mode in which the Java heap is
#     placed in the first 4GB address space. The Java Heap base address is the
#     maximum limit for the native heap growth. Please use -XX:HeapBaseMinAddress
#     to set the Java Heap base and to place the Java Heap above 4GB virtual address.
# This output file may be truncated or incomplete.
#
#  Out of Memory Error (allocation.cpp:44), pid=11796, tid=9660
#
# JRE version:  (21.0.11+10) (build )
# Java VM: OpenJDK 64-Bit Server VM (21.0.11+10-LTS, mixed mode, sharing, tiered, compressed oops, compressed class ptrs, parallel gc, windows-amd64)
# No core dump will be written. Minidumps are not enabled by default on client versions of Windows
#

---------------  S U M M A R Y ------------

Command Line: --add-modules=ALL-SYSTEM --add-opens=java.base/java.util=ALL-UNNAMED --add-opens=java.base/java.lang=ALL-UNNAMED --add-opens=java.base/sun.nio.fs=ALL-UNNAMED -Declipse.application=org.eclipse.jdt.ls.core.id1 -Dosgi.bundles.defaultStartLevel=4 -Declipse.product=org.eclipse.jdt.ls.core.product -Djava.import.generatesMetadataFilesAtProjectRoot=false -DDetectVMInstallationsJob.disabled=true -Dfile.encoding=utf8 -XX:+UseParallelGC -XX:GCTimeRatio=4 -XX:AdaptiveSizePolicyWeight=90 -Dsun.zip.disableMemoryMapping=true -Xmx2G -Xms100m -Xlog:disable -javaagent:c:\Users\PECOMMON6\.vscode\extensions\redhat.java-1.55.0-win32-x64\lombok\lombok-1.18.39-4050.jar -XX:+HeapDumpOnOutOfMemoryError -XX:HeapDumpPath=c:\Users\PECOMMON6\AppData\Roaming\Code\User\workspaceStorage\b4561eb67ceef3b841449610ed9021ce\redhat.java -Daether.dependencyCollector.impl=bf c:\Users\PECOMMON6\.vscode\extensions\redhat.java-1.55.0-win32-x64\server\plugins\org.eclipse.equinox.launcher_1.7.200.v20260619-2039.jar -configuration c:\Users\PECOMMON6\AppData\Roaming\Code\User\globalStorage\redhat.java\1.55.0\config_win -data c:\Users\PECOMMON6\AppData\Roaming\Code\User\workspaceStorage\b4561eb67ceef3b841449610ed9021ce\redhat.java\jdt_ws --pipe=\\.\pipe\lsp-d591fd99d47070f5eba5cb9a41e52566-sock

Host: 11th Gen Intel(R) Core(TM) i5-1135G7 @ 2.40GHz, 8 cores, 15G,  Windows 10 , 64 bit Build 19041 (10.0.19041.5915)
Time: Fri Jul  3 09:57:00 2026 SE Asia Standard Time elapsed time: 0.035988 seconds (0d 0h 0m 0s)

---------------  T H R E A D  ---------------

Current thread (0x0000019a8243c3d0):  JavaThread "Unknown thread" [_thread_in_vm, id=9660, stack(0x00000067d3000000,0x00000067d3100000) (1024K)]

Stack: [0x00000067d3000000,0x00000067d3100000]
Native frames: (J=compiled Java code, j=interpreted, Vv=VM code, C=native code)
V  [jvm.dll+0x6d7e19]
V  [jvm.dll+0x8b5096]
V  [jvm.dll+0x8b764e]
V  [jvm.dll+0x8b7d33]
V  [jvm.dll+0x284596]
V  [jvm.dll+0xc13c7]
V  [jvm.dll+0x70bf90]
V  [jvm.dll+0x70cafc]
V  [jvm.dll+0x6e69b3]
V  [jvm.dll+0x87f6ec]
V  [jvm.dll+0x3c4b2c]
V  [jvm.dll+0x8683db]
V  [jvm.dll+0x457c41]
V  [jvm.dll+0x459831]
C  [jli.dll+0x52dc]
C  [ucrtbase.dll+0x21bb2]
C  [KERNEL32.DLL+0x17374]
C  [ntdll.dll+0x4cc91]


---------------  P R O C E S S  ---------------

Threads class SMR info:
_java_thread_list=0x0000019a824a4f10, length=1, elements={
0x0000019a8243c3d0
}

Java Threads: ( => current thread )
=>0x0000019a8243c3d0 JavaThread "Unknown thread"             [_thread_in_vm, id=9660, stack(0x00000067d3000000,0x00000067d3100000) (1024K)]
Total: 1

Other Threads:
  0x0000019a824a56d0 WatcherThread "VM Periodic Task Thread"        [id=2812, stack(0x00000067d3200000,0x00000067d3300000) (1024K)]
  0x0000019a824598d0 WorkerThread "GC Thread#0"                     [id=9612, stack(0x00000067d3100000,0x00000067d3200000) (1024K)]
Total: 2

Threads with active compile tasks:
Total: 0

VM state: not at safepoint (normal execution)

VM Mutex/Monitor currently owned by a thread: None

Heap address: 0x0000000080000000, size: 2048 MB, Compressed Oops mode: 32-bit

CDS archive(s) mapped at: [0x0000019a99000000-0x0000019a99ba0000-0x0000019a99ba0000), size 12189696, SharedBaseAddress: 0x0000019a99000000, ArchiveRelocationMode: 1.
Compressed class space mapped at: 0x0000019a9a000000-0x0000019ada000000, reserved size: 1073741824
Narrow klass base: 0x0000019a99000000, Narrow klass shift: 0, Narrow klass range: 0x100000000

GC Precious Log:
 CardTable entry size: 512
 CPUs: 8 total, 8 available
 Memory: 16106M
 Large Page Support: Disabled
 NUMA Support: Disabled
 Compressed Oops: Enabled (32-bit)
 Alignments: Space 512K, Generation 512K, Heap 2M
 Heap Min Capacity: 100M
 Heap Initial Capacity: 100M
 Heap Max Capacity: 2G
 Pre-touch: Disabled
 Parallel Workers: 8

Heap:
 PSYoungGen      total 29696K, used 512K [0x00000000d5580000, 0x00000000d7680000, 0x0000000100000000)
  eden space 25600K, 2% used [0x00000000d5580000,0x00000000d5600020,0x00000000d6e80000)
  from space 4096K, 0% used [0x00000000d7280000,0x00000000d7280000,0x00000000d7680000)
  to   space 4096K, 0% used [0x00000000d6e80000,0x00000000d6e80000,0x00000000d7280000)
 ParOldGen       total 68608K, used 0K [0x0000000080000000, 0x0000000084300000, 0x00000000d5580000)
  object space 68608K, 0% used [0x0000000080000000,0x0000000080000000,0x0000000084300000)
 Metaspace       used 0K, committed 0K, reserved 1048576K
  class space    used 0K, committed 0K, reserved 1048576K

Card table byte_map: [0x0000019a81de0000,0x0000019a821f0000] _byte_map_base: 0x0000019a819e0000

Marking Bits: (ParMarkBitMap*) 0x00007ffa34bc4460
 Begin Bits: [0x0000019a948f0000, 0x0000019a968f0000)
 End Bits:   [0x0000019a968f0000, 0x0000019a988f0000)

Polling page: 0x0000019a802c0000

Metaspace:

Usage:
  Non-class:      0 bytes used.
      Class:      0 bytes used.
       Both:      0 bytes used.

Virtual space:
  Non-class space:        0 bytes reserved,       0 bytes (  ?%) committed,  0 nodes.
      Class space:        1.00 GB reserved,       0 bytes (  0%) committed,  1 nodes.
             Both:        1.00 GB reserved,       0 bytes (  0%) committed. 

Chunk freelists:
   Non-Class:  0 bytes
       Class:  16.00 MB
        Both:  16.00 MB

MaxMetaspaceSize: unlimited
CompressedClassSpaceSize: 1.00 GB
Initial GC threshold: 21.00 MB
Current GC threshold: 17179869184.00 GB
CDS: on
 - commit_granule_bytes: 65536.
 - commit_granule_words: 8192.
 - virtual_space_node_default_size: 8388608.
 - enlarge_chunks_in_place: 1.
 - use_allocation_guard: 0.


Internal statistics:

num_allocs_failed_limit: 0.
num_arena_births: 0.
num_arena_deaths: 0.
num_vsnodes_births: 1.
num_vsnodes_deaths: 0.
num_space_committed: 0.
num_space_uncommitted: 0.
num_chunks_returned_to_freelist: 0.
num_chunks_taken_from_freelist: 1.
num_chunk_merges: 0.
num_chunk_splits: 1.
num_chunks_enlarged: 0.
num_inconsistent_stats: 0.

CodeHeap 'non-profiled nmethods': size=120000Kb used=0Kb max_used=0Kb free=120000Kb
 bounds [0x0000019a8d110000, 0x0000019a8d380000, 0x0000019a94640000]
CodeHeap 'profiled nmethods': size=120000Kb used=0Kb max_used=0Kb free=120000Kb
 bounds [0x0000019a85640000, 0x0000019a858b0000, 0x0000019a8cb70000]
CodeHeap 'non-nmethods': size=5760Kb used=199Kb max_used=348Kb free=5560Kb
 bounds [0x0000019a8cb70000, 0x0000019a8cde0000, 0x0000019a8d110000]
CodeCache: size=245760Kb, used=199Kb, max_used=348Kb, free=245560Kb
 total_blobs=70, nmethods=0, adapters=48, full_count=0
Compilation: enabled, stopped_count=0, restarted_count=0

Compilation events (0 events):
No events

GC Heap History (0 events):
No events

Dll operation events (1 events):
Event: 0.016 Loaded shared library c:\Users\PECOMMON6\.vscode\extensions\redhat.java-1.55.0-win32-x64\jre\21.0.11-win32-x86_64\bin\java.dll

Deoptimization events (0 events):
No events

Classes loaded (0 events):
No events

Classes unloaded (0 events):
No events

Classes redefined (0 events):
No events

Internal exceptions (0 events):
No events

ZGC Phase Switch (0 events):
No events

VM Operations (0 events):
No events

Memory protections (0 events):
No events

Nmethod flushes (0 events):
No events

Events (1 events):
Event: 0.030 Thread 0x0000019a8243c3d0 Thread added: 0x0000019a8243c3d0


Dynamic libraries:
0x00007ff7ca9b0000 - 0x00007ff7ca9be000 	c:\Users\PECOMMON6\.vscode\extensions\redhat.java-1.55.0-win32-x64\jre\21.0.11-win32-x86_64\bin\java.exe
0x00007ffa8e570000 - 0x00007ffa8e768000 	C:\Windows\SYSTEM32\ntdll.dll
0x00007ffa8cff0000 - 0x00007ffa8d0b2000 	C:\Windows\System32\KERNEL32.DLL
0x00007ffa8bca0000 - 0x00007ffa8bf96000 	C:\Windows\System32\KERNELBASE.dll
0x00007ffa842c0000 - 0x00007ffa84354000 	C:\Windows\SYSTEM32\apphelp.dll
0x00007ffa8c2b0000 - 0x00007ffa8c3b0000 	C:\Windows\System32\ucrtbase.dll
0x00007ffa79390000 - 0x00007ffa793a8000 	c:\Users\PECOMMON6\.vscode\extensions\redhat.java-1.55.0-win32-x64\jre\21.0.11-win32-x86_64\bin\jli.dll
0x00007ffa8d0c0000 - 0x00007ffa8d261000 	C:\Windows\System32\USER32.dll
0x00007ffa8c3b0000 - 0x00007ffa8c3d2000 	C:\Windows\System32\win32u.dll
0x00007ffa8c960000 - 0x00007ffa8c98b000 	C:\Windows\System32\GDI32.dll
0x00007ffa8c3e0000 - 0x00007ffa8c4f9000 	C:\Windows\System32\gdi32full.dll
0x00007ffa8bc00000 - 0x00007ffa8bc9d000 	C:\Windows\System32\msvcp_win.dll
0x00007ffa792e0000 - 0x00007ffa792fe000 	c:\Users\PECOMMON6\.vscode\extensions\redhat.java-1.55.0-win32-x64\jre\21.0.11-win32-x86_64\bin\VCRUNTIME140.dll
0x00007ffa711f0000 - 0x00007ffa7148b000 	C:\Windows\WinSxS\amd64_microsoft.windows.common-controls_6595b64144ccf1df_6.0.19041.6456_none_60b8a6cb71f64256\COMCTL32.dll
0x00007ffa8d810000 - 0x00007ffa8d8ae000 	C:\Windows\System32\msvcrt.dll
0x00007ffa8d980000 - 0x00007ffa8d9af000 	C:\Windows\System32\IMM32.DLL
0x00007ffa7fa10000 - 0x00007ffa7fa1c000 	c:\Users\PECOMMON6\.vscode\extensions\redhat.java-1.55.0-win32-x64\jre\21.0.11-win32-x86_64\bin\vcruntime140_1.dll
0x00007ffa769c0000 - 0x00007ffa76a4d000 	c:\Users\PECOMMON6\.vscode\extensions\redhat.java-1.55.0-win32-x64\jre\21.0.11-win32-x86_64\bin\msvcp140.dll
0x00007ffa33f00000 - 0x00007ffa34ca2000 	c:\Users\PECOMMON6\.vscode\extensions\redhat.java-1.55.0-win32-x64\jre\21.0.11-win32-x86_64\bin\server\jvm.dll
0x00007ffa8d6e0000 - 0x00007ffa8d791000 	C:\Windows\System32\ADVAPI32.dll
0x00007ffa8e3d0000 - 0x00007ffa8e46f000 	C:\Windows\System32\sechost.dll
0x00007ffa8d9b0000 - 0x00007ffa8dad0000 	C:\Windows\System32\RPCRT4.dll
0x00007ffa8bfa0000 - 0x00007ffa8bfc7000 	C:\Windows\System32\bcrypt.dll
0x00007ffa8d7a0000 - 0x00007ffa8d80b000 	C:\Windows\System32\WS2_32.dll
0x00007ffa8b140000 - 0x00007ffa8b18b000 	C:\Windows\SYSTEM32\POWRPROF.dll
0x00007ffa7b590000 - 0x00007ffa7b5b7000 	C:\Windows\SYSTEM32\WINMM.dll
0x00007ffa81510000 - 0x00007ffa8151a000 	C:\Windows\SYSTEM32\VERSION.dll
0x00007ffa8b000000 - 0x00007ffa8b012000 	C:\Windows\SYSTEM32\UMPDC.dll
0x00007ffa8a230000 - 0x00007ffa8a242000 	C:\Windows\SYSTEM32\kernel.appcore.dll
0x00007ffa7d090000 - 0x00007ffa7d09a000 	c:\Users\PECOMMON6\.vscode\extensions\redhat.java-1.55.0-win32-x64\jre\21.0.11-win32-x86_64\bin\jimage.dll
0x00007ffa895e0000 - 0x00007ffa897e1000 	C:\Windows\SYSTEM32\DBGHELP.DLL
0x00007ffa581c0000 - 0x00007ffa581f4000 	C:\Windows\SYSTEM32\dbgcore.DLL
0x00007ffa8c500000 - 0x00007ffa8c582000 	C:\Windows\System32\bcryptPrimitives.dll
0x00007ffa7d040000 - 0x00007ffa7d04f000 	c:\Users\PECOMMON6\.vscode\extensions\redhat.java-1.55.0-win32-x64\jre\21.0.11-win32-x86_64\bin\instrument.dll
0x00007ffa769a0000 - 0x00007ffa769c0000 	c:\Users\PECOMMON6\.vscode\extensions\redhat.java-1.55.0-win32-x64\jre\21.0.11-win32-x86_64\bin\java.dll

JVMTI agents:
c:\Users\PECOMMON6\.vscode\extensions\redhat.java-1.55.0-win32-x64\lombok\lombok-1.18.39-4050.jar path:none, loaded, not initialized, instrumentlib options:none

dbghelp: loaded successfully - version: 4.0.5 - missing functions: none
symbol engine: initialized successfully - sym options: 0x614 - pdb path: .;c:\Users\PECOMMON6\.vscode\extensions\redhat.java-1.55.0-win32-x64\jre\21.0.11-win32-x86_64\bin;C:\Windows\SYSTEM32;C:\Windows\WinSxS\amd64_microsoft.windows.common-controls_6595b64144ccf1df_6.0.19041.6456_none_60b8a6cb71f64256;c:\Users\PECOMMON6\.vscode\extensions\redhat.java-1.55.0-win32-x64\jre\21.0.11-win32-x86_64\bin\server

VM Arguments:
jvm_args: --add-modules=ALL-SYSTEM --add-opens=java.base/java.util=ALL-UNNAMED --add-opens=java.base/java.lang=ALL-UNNAMED --add-opens=java.base/sun.nio.fs=ALL-UNNAMED -Declipse.application=org.eclipse.jdt.ls.core.id1 -Dosgi.bundles.defaultStartLevel=4 -Declipse.product=org.eclipse.jdt.ls.core.product -Djava.import.generatesMetadataFilesAtProjectRoot=false -DDetectVMInstallationsJob.disabled=true -Dfile.encoding=utf8 -XX:+UseParallelGC -XX:GCTimeRatio=4 -XX:AdaptiveSizePolicyWeight=90 -Dsun.zip.disableMemoryMapping=true -Xmx2G -Xms100m -Xlog:disable -javaagent:c:\Users\PECOMMON6\.vscode\extensions\redhat.java-1.55.0-win32-x64\lombok\lombok-1.18.39-4050.jar -XX:+HeapDumpOnOutOfMemoryError -XX:HeapDumpPath=c:\Users\PECOMMON6\AppData\Roaming\Code\User\workspaceStorage\b4561eb67ceef3b841449610ed9021ce\redhat.java -Daether.dependencyCollector.impl=bf 
java_command: c:\Users\PECOMMON6\.vscode\extensions\redhat.java-1.55.0-win32-x64\server\plugins\org.eclipse.equinox.launcher_1.7.200.v20260619-2039.jar -configuration c:\Users\PECOMMON6\AppData\Roaming\Code\User\globalStorage\redhat.java\1.55.0\config_win -data c:\Users\PECOMMON6\AppData\Roaming\Code\User\workspaceStorage\b4561eb67ceef3b841449610ed9021ce\redhat.java\jdt_ws --pipe=\\.\pipe\lsp-d591fd99d47070f5eba5cb9a41e52566-sock
java_class_path (initial): c:\Users\PECOMMON6\.vscode\extensions\redhat.java-1.55.0-win32-x64\server\plugins\org.eclipse.equinox.launcher_1.7.200.v20260619-2039.jar
Launcher Type: SUN_STANDARD

[Global flags]
    uintx AdaptiveSizePolicyWeight                 = 90                                        {product} {command line}
     intx CICompilerCount                          = 4                                         {product} {ergonomic}
    uintx GCTimeRatio                              = 4                                         {product} {command line}
     bool HeapDumpOnOutOfMemoryError               = true                                   {manageable} {command line}
    ccstr HeapDumpPath                             = c:\Users\PECOMMON6\AppData\Roaming\Code\User\workspaceStorage\b4561eb67ceef3b841449610ed9021ce\redhat.java         {manageable} {command line}
   size_t InitialHeapSize                          = 104857600                                 {product} {command line}
   size_t MaxHeapSize                              = 2147483648                                {product} {command line}
   size_t MaxNewSize                               = 715653120                                 {product} {ergonomic}
   size_t MinHeapDeltaBytes                        = 524288                                    {product} {ergonomic}
   size_t MinHeapSize                              = 104857600                                 {product} {command line}
   size_t NewSize                                  = 34603008                                  {product} {ergonomic}
    uintx NonNMethodCodeHeapSize                   = 5839372                                {pd product} {ergonomic}
    uintx NonProfiledCodeHeapSize                  = 122909434                              {pd product} {ergonomic}
   size_t OldSize                                  = 70254592                                  {product} {ergonomic}
    uintx ProfiledCodeHeapSize                     = 122909434                              {pd product} {ergonomic}
    uintx ReservedCodeCacheSize                    = 251658240                              {pd product} {ergonomic}
     bool SegmentedCodeCache                       = true                                      {product} {ergonomic}
   size_t SoftMaxHeapSize                          = 2147483648                             {manageable} {ergonomic}
     bool UseCompressedOops                        = true                           {product lp64_product} {ergonomic}
     bool UseLargePagesIndividualAllocation        = false                                  {pd product} {ergonomic}
     bool UseParallelGC                            = true                                      {product} {command line}

Logging:
Log output configuration:
 #0: stdout all=off uptime,level,tags foldmultilines=false
 #1: stderr all=off uptime,level,tags foldmultilines=false

Release file:
<release file has not been read>
Environment Variables:
PATH=C:\Python314\Scripts\;C:\Python314\;C:\Program Files\Common Files\Oracle\Java\javapath;C:\Windows\system32;C:\Windows;C:\Windows\System32\Wbem;C:\Windows\System32\WindowsPowerShell\v1.0\;C:\Windows\System32\OpenSSH\;C:\Program Files (x86)\Common Files\Pleora\eBUS SDK;C:\Program Files\Common Files\Pleora\eBUS SDK;C:\Program Files\STEMMER IMAGING\Common Vision Blox\;C:\Program Files\STEMMER IMAGING\Common Vision Blox\Qt\;C:\Program Files\dotnet\;C:\Program Files (x86)\NVIDIA Corporation\PhysX\Common;C:\Program Files (x86)\NetSarang\Xshell 7\;C:\Program Files\Zabbix Agent 2\;C:\Users\PECOMMON6\.jdks\openjdk-26.0.1\bin;D:\software\NodeJS\;C:\ProgramData\chocolatey\bin;C:\Users\PECOMMON6\AppData\Local\Microsoft\WindowsApps;C:\Users\PECOMMON6\AppData\Local\Programs\Microsoft VS Code\bin;C:\Users\PECOMMON6\AppData\Local\Programs\Git\cmd;C:\Users\PECOMMON6\AppData\Local\JetBrains\Toolbox\scripts;C:\Users\PECOMMON6\AppData\Roaming\npm
USERNAME=pecommon6
OS=Windows_NT
PROCESSOR_IDENTIFIER=Intel64 Family 6 Model 140 Stepping 1, GenuineIntel
TMP=C:\Users\PECOMM~1\AppData\Local\Temp
TEMP=C:\Users\PECOMM~1\AppData\Local\Temp




Periodic native trim disabled

---------------  S Y S T E M  ---------------

OS:
 Windows 10 , 64 bit Build 19041 (10.0.19041.5915)
OS uptime: 3 days 21:38 hours

CPU: total 8 (initial active 8) (4 cores per cpu, 2 threads per core) family 6 model 140 stepping 1 microcode 0xbe, cx8, cmov, fxsr, ht, mmx, 3dnowpref, sse, sse2, sse3, ssse3, sse4.1, sse4.2, popcnt, lzcnt, tsc, tscinvbit, avx, avx2, aes, erms, clmul, bmi1, bmi2, adx, avx512f, avx512dq, avx512cd, avx512bw, avx512vl, sha, fma, vzeroupper, avx512_vpopcntdq, avx512_vpclmulqdq, avx512_vaes, avx512_vnni, clflush, clflushopt, clwb, avx512_vbmi2, avx512_vbmi, rdtscp, rdpid, fsrm, gfni, avx512_bitalg, f16c, pku, cet_ibt, cet_ss, avx512_ifma
Processor Information for the first 8 processors :
  Max Mhz: 2419, Current Mhz: 2419, Mhz Limit: 2419

Memory: 4k page, system-wide physical 16106M (3092M free)
TotalPageFile size 18674M (AvailPageFile size 397M)
current process WorkingSet (physical memory assigned to process): 24M, peak: 24M
current process commit charge ("private bytes"): 200M, peak: 201M

vm_info: OpenJDK 64-Bit Server VM (21.0.11+10-LTS) for windows-amd64 JRE (21.0.11+10-LTS), built on 2026-04-21T00:00:00Z by "admin" with MS VC++ 17.12 (VS2022)

END.
